<?xml version="1.0" encoding="UTF-8" ?>
<testsuite tests="3" failures="1" name="WestminsterSkinConsultationManagerTest" time="0.016" errors="0" skipped="0">
  <properties>
[...]
</properties>
  <testcase classname="WestminsterSkinConsultationManagerTest" name="WestminsterSkinConsultationManagerTest.testDeleteDoctor" time="0.016"/>
  <testcase classname="WestminsterSkinConsultationManagerTest" name="WestminsterSkinConsultationManagerTest.testAddNewDoc" time="0"/>
  <testcase classname="WestminsterSkinConsultationManagerTest" name="WestminsterSkinConsultationManagerTest.testPrintDoctors" time="0">
    <failure message="Exception thrown while printing doctors" type="org.opentest4j.AssertionFailedError">org.opentest4j.AssertionFailedError: Exception thrown while printing doctors
	at org.junit.jupiter.api.AssertionUtils.fail(AssertionUtils.java:39)
	at org.junit.jupiter.api.Assertions.fail(Assertions.java:109)
	at WestminsterSkinConsultationManagerTest.testPrintDoctors(WestminsterSkinConsultationManagerTest.java:86)
</failure>
  </testcase>
</testsuite>