-------------------------------------------------------------------------------
Test set: WestminsterSkinConsultationManagerTest
-------------------------------------------------------------------------------
Tests run: 3, Failures: 1, Errors: 0, Skipped: 0, Time elapsed: 0.016 sec <<< FAILURE!
WestminsterSkinConsultationManagerTest.testPrintDoctors()  Time elapsed: 0 sec  <<< FAILURE!
org.opentest4j.AssertionFailedError: Exception thrown while printing doctors
	at org.junit.jupiter.api.AssertionUtils.fail(AssertionUtils.java:39)
	at org.junit.jupiter.api.Assertions.fail(Assertions.java:109)
	at WestminsterSkinConsultationManagerTest.testPrintDoctors(WestminsterSkinConsultationManagerTest.java:86)

